# JRE version: OpenJDK Runtime Environment Temurin-21.0.11+10 (21.0.11+10) (build 21.0.11+10-LTS)
# Java VM: OpenJDK 64-Bit Server VM Temurin-21.0.11+10 (21.0.11+10-LTS, mixed mode, sharing, tiered, compressed oops, compressed class ptrs, parallel gc, windows-amd64)
GC Precious Log:
 CardTable entry size: 512
 CPUs: 16 total, 16 available
 Memory: 8010M
 Large Page Support: Disabled
 NUMA Support: Disabled
 Compressed Oops: Enabled (32-bit)
 Alignments: Space 512K, Generation 512K, Heap 2M
 Heap Min Capacity: 100M
 Heap Initial Capacity: 100M
 Heap Max Capacity: 2G
 Pre-touch: Disabled
 Parallel Workers: 13
Heap:
 PSYoungGen      total 19968K, used 11255K [0x00000000d5580000, 0x00000000d6b00000, 0x0000000100000000)
  eden space 19456K, 55% used [0x00000000d5580000,0x00000000d6002ee0,0x00000000d6880000)
  from space 512K, 95% used [0x00000000d6a80000,0x00000000d6afad20,0x00000000d6b00000)
  to   space 1024K, 0% used [0x00000000d6900000,0x00000000d6900000,0x00000000d6a00000)
 ParOldGen       total 376320K, used 100653K [0x0000000080000000, 0x0000000096f80000, 0x00000000d5580000)
  object space 376320K, 26% used [0x0000000080000000,0x000000008624b7d0,0x0000000096f80000)
 Metaspace       used 70251K, committed 71872K, reserved 1114112K
  class space    used 7184K, committed 7872K, reserved 1048576K
GC Heap History (20 events):
Event: 101.372 GC heap before
{Heap before GC invocations=641 (full 4):
 PSYoungGen      total 19968K, used 19744K [0x00000000d5580000, 0x00000000d6c80000, 0x0000000100000000)
  eden space 19456K, 100% used [0x00000000d5580000,0x00000000d6880000,0x00000000d6880000)
  from space 512K, 56% used [0x00000000d6c00000,0x00000000d6c48000,0x00000000d6c80000)
  to   space 1024K, 0% used [0x00000000d6a80000,0x00000000d6a80000,0x00000000d6b80000)
 ParOldGen       total 376320K, used 88460K [0x0000000080000000, 0x0000000096f80000, 0x00000000d5580000)
  object space 376320K, 23% used [0x0000000080000000,0x0000000085663358,0x0000000096f80000)
 Metaspace       used 69654K, committed 71296K, reserved 1114112K
  class space    used 7135K, committed 7808K, reserved 1048576K
}
Event: 101.378 GC heap after
{Heap after GC invocations=641 (full 4):
 PSYoungGen      total 20480K, used 910K [0x00000000d5580000, 0x00000000d6c80000, 0x0000000100000000)
  eden space 19456K, 0% used [0x00000000d5580000,0x00000000d5580000,0x00000000d6880000)
  from space 1024K, 88% used [0x00000000d6a80000,0x00000000d6b63ab0,0x00000000d6b80000)
  to   space 1024K, 0% used [0x00000000d6b80000,0x00000000d6b80000,0x00000000d6c80000)
 ParOldGen       total 376320K, used 88476K [0x0000000080000000, 0x0000000096f80000, 0x00000000d5580000)
  object space 376320K, 23% used [0x0000000080000000,0x0000000085667358,0x0000000096f80000)
 Metaspace       used 69654K, committed 71296K, reserved 1114112K
  class space    used 7135K, committed 7808K, reserved 1048576K
}
Event: 101.581 GC heap before
{Heap before GC invocations=642 (full 4):
 PSYoungGen      total 20480K, used 18930K [0x00000000d5580000, 0x00000000d6c80000, 0x0000000100000000)
  eden space 19456K, 92% used [0x00000000d5580000,0x00000000d6718da8,0x00000000d6880000)
  from space 1024K, 88% used [0x00000000d6a80000,0x00000000d6b63ab0,0x00000000d6b80000)
  to   space 1024K, 0% used [0x00000000d6b80000,0x00000000d6b80000,0x00000000d6c80000)
 ParOldGen       total 376320K, used 88476K [0x0000000080000000, 0x0000000096f80000, 0x00000000d5580000)
  object space 376320K, 23% used [0x0000000080000000,0x0000000085667358,0x0000000096f80000)
 Metaspace       used 69660K, committed 71296K, reserved 1114112K
  class space    used 7135K, committed 7808K, reserved 1048576K
}
Event: 101.586 GC heap after
{Heap after GC invocations=642 (full 4):
 PSYoungGen      total 19968K, used 384K [0x00000000d5580000, 0x00000000d6c00000, 0x0000000100000000)
  eden space 19456K, 0% used [0x00000000d5580000,0x00000000d5580000,0x00000000d6880000)
  from space 512K, 75% used [0x00000000d6b80000,0x00000000d6be0000,0x00000000d6c00000)
  to   space 1024K, 0% used [0x00000000d6a00000,0x00000000d6a00000,0x00000000d6b00000)
 ParOldGen       total 376320K, used 88963K [0x0000000080000000, 0x0000000096f80000, 0x00000000d5580000)
  object space 376320K, 23% used [0x0000000080000000,0x00000000856e0df8,0x0000000096f80000)
 Metaspace       used 69660K, committed 71296K, reserved 1114112K
  class space    used 7135K, committed 7808K, reserved 1048576K
}
Event: 101.772 GC heap before
{Heap before GC invocations=643 (full 4):
 PSYoungGen      total 19968K, used 19840K [0x00000000d5580000, 0x00000000d6c00000, 0x0000000100000000)
  eden space 19456K, 100% used [0x00000000d5580000,0x00000000d6880000,0x00000000d6880000)
  from space 512K, 75% used [0x00000000d6b80000,0x00000000d6be0000,0x00000000d6c00000)
  to   space 1024K, 0% used [0x00000000d6a00000,0x00000000d6a00000,0x00000000d6b00000)
 ParOldGen       total 376320K, used 88963K [0x0000000080000000, 0x0000000096f80000, 0x00000000d5580000)
  object space 376320K, 23% used [0x0000000080000000,0x00000000856e0df8,0x0000000096f80000)
 Metaspace       used 69670K, committed 71296K, reserved 1114112K
  class space    used 7136K, committed 7808K, reserved 1048576K
}
Event: 101.774 GC heap after
{Heap after GC invocations=643 (full 4):
 PSYoungGen      total 20480K, used 928K [0x00000000d5580000, 0x00000000d6c00000, 0x0000000100000000)
  eden space 19456K, 0% used [0x00000000d5580000,0x00000000d5580000,0x00000000d6880000)
  from space 1024K, 90% used [0x00000000d6a00000,0x00000000d6ae8000,0x00000000d6b00000)
  to   space 1024K, 0% used [0x00000000d6b00000,0x00000000d6b00000,0x00000000d6c00000)
 ParOldGen       total 376320K, used 89067K [0x0000000080000000, 0x0000000096f80000, 0x00000000d5580000)
  object space 376320K, 23% used [0x0000000080000000,0x00000000856fadf8,0x0000000096f80000)
 Metaspace       used 69670K, committed 71296K, reserved 1114112K
  class space    used 7136K, committed 7808K, reserved 1048576K
}
Event: 101.918 GC heap before
{Heap before GC invocations=644 (full 4):
 PSYoungGen      total 20480K, used 19903K [0x00000000d5580000, 0x00000000d6c00000, 0x0000000100000000)
  eden space 19456K, 97% used [0x00000000d5580000,0x00000000d6807ec8,0x00000000d6880000)
  from space 1024K, 90% used [0x00000000d6a00000,0x00000000d6ae8000,0x00000000d6b00000)
  to   space 1024K, 0% used [0x00000000d6b00000,0x00000000d6b00000,0x00000000d6c00000)
 ParOldGen       total 376320K, used 89067K [0x0000000080000000, 0x0000000096f80000, 0x00000000d5580000)
  object space 376320K, 23% used [0x0000000080000000,0x00000000856fadf8,0x0000000096f80000)
 Metaspace       used 69691K, committed 71296K, reserved 1114112K
  class space    used 7136K, committed 7808K, reserved 1048576K
}
Event: 101.920 GC heap after
{Heap after GC invocations=644 (full 4):
 PSYoungGen      total 19968K, used 416K [0x00000000d5580000, 0x00000000d6b80000, 0x0000000100000000)
  eden space 19456K, 0% used [0x00000000d5580000,0x00000000d5580000,0x00000000d6880000)
  from space 512K, 81% used [0x00000000d6b00000,0x00000000d6b68000,0x00000000d6b80000)
  to   space 1024K, 0% used [0x00000000d6980000,0x00000000d6980000,0x00000000d6a80000)
 ParOldGen       total 376320K, used 89163K [0x0000000080000000, 0x0000000096f80000, 0x00000000d5580000)
  object space 376320K, 23% used [0x0000000080000000,0x0000000085712df8,0x0000000096f80000)
 Metaspace       used 69691K, committed 71296K, reserved 1114112K
  class space    used 7136K, committed 7808K, reserved 1048576K
}
Event: 102.142 GC heap before
{Heap before GC invocations=645 (full 4):
 PSYoungGen      total 19968K, used 19595K [0x00000000d5580000, 0x00000000d6b80000, 0x0000000100000000)
  eden space 19456K, 98% used [0x00000000d5580000,0x00000000d683add8,0x00000000d6880000)
  from space 512K, 81% used [0x00000000d6b00000,0x00000000d6b68000,0x00000000d6b80000)
  to   space 1024K, 0% used [0x00000000d6980000,0x00000000d6980000,0x00000000d6a80000)
 ParOldGen       total 376320K, used 89163K [0x0000000080000000, 0x0000000096f80000, 0x00000000d5580000)
  object space 376320K, 23% used [0x0000000080000000,0x0000000085712df8,0x0000000096f80000)
 Metaspace       used 69746K, committed 71360K, reserved 1114112K
  class space    used 7143K, committed 7808K, reserved 1048576K
}
Event: 102.146 GC heap after
{Heap after GC invocations=645 (full 4):
 PSYoungGen      total 20480K, used 800K [0x00000000d5580000, 0x00000000d6b80000, 0x0000000100000000)
  eden space 19456K, 0% used [0x00000000d5580000,0x00000000d5580000,0x00000000d6880000)
  from space 1024K, 78% used [0x00000000d6980000,0x00000000d6a48010,0x00000000d6a80000)
  to   space 1024K, 0% used [0x00000000d6a80000,0x00000000d6a80000,0x00000000d6b80000)
 ParOldGen       total 376320K, used 89595K [0x0000000080000000, 0x0000000096f80000, 0x00000000d5580000)
  object space 376320K, 23% used [0x0000000080000000,0x000000008577ee08,0x0000000096f80000)
 Metaspace       used 69746K, committed 71360K, reserved 1114112K
  class space    used 7143K, committed 7808K, reserved 1048576K
}
Event: 102.587 GC heap before
{Heap before GC invocations=646 (full 4):
 PSYoungGen      total 20480K, used 19298K [0x00000000d5580000, 0x00000000d6b80000, 0x0000000100000000)
  eden space 19456K, 95% used [0x00000000d5580000,0x00000000d6790960,0x00000000d6880000)
  from space 1024K, 78% used [0x00000000d6980000,0x00000000d6a48010,0x00000000d6a80000)
  to   space 1024K, 0% used [0x00000000d6a80000,0x00000000d6a80000,0x00000000d6b80000)
 ParOldGen       total 376320K, used 89595K [0x0000000080000000, 0x0000000096f80000, 0x00000000d5580000)
  object space 376320K, 23% used [0x0000000080000000,0x000000008577ee08,0x0000000096f80000)
 Metaspace       used 69774K, committed 71360K, reserved 1114112K
  class space    used 7144K, committed 7808K, reserved 1048576K
}
Event: 102.590 GC heap after
{Heap after GC invocations=646 (full 4):
 PSYoungGen      total 19968K, used 480K [0x00000000d5580000, 0x00000000d6b00000, 0x0000000100000000)
  eden space 19456K, 0% used [0x00000000d5580000,0x00000000d5580000,0x00000000d6880000)
  from space 512K, 93% used [0x00000000d6a80000,0x00000000d6af8000,0x00000000d6b00000)
  to   space 1024K, 0% used [0x00000000d6900000,0x00000000d6900000,0x00000000d6a00000)
 ParOldGen       total 376320K, used 89827K [0x0000000080000000, 0x0000000096f80000, 0x00000000d5580000)
  object space 376320K, 23% used [0x0000000080000000,0x00000000857b8e08,0x0000000096f80000)
 Metaspace       used 69774K, committed 71360K, reserved 1114112K
  class space    used 7144K, committed 7808K, reserved 1048576K
}
Event: 102.724 GC heap before
{Heap before GC invocations=647 (full 4):
 PSYoungGen      total 19968K, used 19936K [0x00000000d5580000, 0x00000000d6b00000, 0x0000000100000000)
  eden space 19456K, 100% used [0x00000000d5580000,0x00000000d6880000,0x00000000d6880000)
  from space 512K, 93% used [0x00000000d6a80000,0x00000000d6af8000,0x00000000d6b00000)
  to   space 1024K, 0% used [0x00000000d6900000,0x00000000d6900000,0x00000000d6a00000)
 ParOldGen       total 376320K, used 89827K [0x0000000080000000, 0x0000000096f80000, 0x00000000d5580000)
  object space 376320K, 23% used [0x0000000080000000,0x00000000857b8e08,0x0000000096f80000)
 Metaspace       used 69776K, committed 71360K, reserved 1114112K
  class space    used 7144K, committed 7808K, reserved 1048576K
}
Event: 102.726 GC heap after
{Heap after GC invocations=647 (full 4):
 PSYoungGen      total 20480K, used 320K [0x00000000d5580000, 0x00000000d6b00000, 0x0000000100000000)
  eden space 19456K, 0% used [0x00000000d5580000,0x00000000d5580000,0x00000000d6880000)
  from space 1024K, 31% used [0x00000000d6900000,0x00000000d6950000,0x00000000d6a00000)
  to   space 512K, 0% used [0x00000000d6a80000,0x00000000d6a80000,0x00000000d6b00000)
 ParOldGen       total 376320K, used 90026K [0x0000000080000000, 0x0000000096f80000, 0x00000000d5580000)
  object space 376320K, 23% used [0x0000000080000000,0x00000000857ea888,0x0000000096f80000)
 Metaspace       used 69776K, committed 71360K, reserved 1114112K
  class space    used 7144K, committed 7808K, reserved 1048576K
}
Event: 103.072 GC heap before
{Heap before GC invocations=648 (full 4):
 PSYoungGen      total 20480K, used 19776K [0x00000000d5580000, 0x00000000d6b00000, 0x0000000100000000)
  eden space 19456K, 100% used [0x00000000d5580000,0x00000000d6880000,0x00000000d6880000)
  from space 1024K, 31% used [0x00000000d6900000,0x00000000d6950000,0x00000000d6a00000)
  to   space 512K, 0% used [0x00000000d6a80000,0x00000000d6a80000,0x00000000d6b00000)
 ParOldGen       total 376320K, used 90026K [0x0000000080000000, 0x0000000096f80000, 0x00000000d5580000)
  object space 376320K, 23% used [0x0000000080000000,0x00000000857ea888,0x0000000096f80000)
 Metaspace       used 69846K, committed 71424K, reserved 1114112K
  class space    used 7145K, committed 7808K, reserved 1048576K
}
Event: 103.075 GC heap after
{Heap after GC invocations=648 (full 4):
 PSYoungGen      total 19968K, used 512K [0x00000000d5580000, 0x00000000d6b00000, 0x0000000100000000)
  eden space 19456K, 0% used [0x00000000d5580000,0x00000000d5580000,0x00000000d6880000)
  from space 512K, 100% used [0x00000000d6a80000,0x00000000d6b00000,0x00000000d6b00000)
  to   space 1024K, 0% used [0x00000000d6900000,0x00000000d6900000,0x00000000d6a00000)
 ParOldGen       total 376320K, used 90154K [0x0000000080000000, 0x0000000096f80000, 0x00000000d5580000)
  object space 376320K, 23% used [0x0000000080000000,0x000000008580a888,0x0000000096f80000)
 Metaspace       used 69846K, committed 71424K, reserved 1114112K
  class space    used 7145K, committed 7808K, reserved 1048576K
}
Event: 1683.139 GC heap before
{Heap before GC invocations=649 (full 4):
 PSYoungGen      total 19968K, used 19780K [0x00000000d5580000, 0x00000000d6b00000, 0x0000000100000000)
  eden space 19456K, 99% used [0x00000000d5580000,0x00000000d6851120,0x00000000d6880000)
  from space 512K, 100% used [0x00000000d6a80000,0x00000000d6b00000,0x00000000d6b00000)
  to   space 1024K, 0% used [0x00000000d6900000,0x00000000d6900000,0x00000000d6a00000)
 ParOldGen       total 376320K, used 90154K [0x0000000080000000, 0x0000000096f80000, 0x00000000d5580000)
  object space 376320K, 23% used [0x0000000080000000,0x000000008580a888,0x0000000096f80000)
 Metaspace       used 70245K, committed 71872K, reserved 1114112K
  class space    used 7183K, committed 7872K, reserved 1048576K
}
Event: 1685.226 GC heap after
{Heap after GC invocations=649 (full 4):
 PSYoungGen      total 20480K, used 1007K [0x00000000d5580000, 0x00000000d6b00000, 0x0000000100000000)
  eden space 19456K, 0% used [0x00000000d5580000,0x00000000d5580000,0x00000000d6880000)
  from space 1024K, 98% used [0x00000000d6900000,0x00000000d69fbcb8,0x00000000d6a00000)
  to   space 512K, 0% used [0x00000000d6a80000,0x00000000d6a80000,0x00000000d6b00000)
 ParOldGen       total 376320K, used 92319K [0x0000000080000000, 0x0000000096f80000, 0x00000000d5580000)
  object space 376320K, 24% used [0x0000000080000000,0x0000000085a27f20,0x0000000096f80000)
 Metaspace       used 70245K, committed 71872K, reserved 1114112K
  class space    used 7183K, committed 7872K, reserved 1048576K
}
Event: 1685.743 GC heap before
{Heap before GC invocations=650 (full 4):
 PSYoungGen      total 20480K, used 20463K [0x00000000d5580000, 0x00000000d6b00000, 0x0000000100000000)
  eden space 19456K, 100% used [0x00000000d5580000,0x00000000d6880000,0x00000000d6880000)
  from space 1024K, 98% used [0x00000000d6900000,0x00000000d69fbcb8,0x00000000d6a00000)
  to   space 512K, 0% used [0x00000000d6a80000,0x00000000d6a80000,0x00000000d6b00000)
 ParOldGen       total 376320K, used 92319K [0x0000000080000000, 0x0000000096f80000, 0x00000000d5580000)
  object space 376320K, 24% used [0x0000000080000000,0x0000000085a27f20,0x0000000096f80000)
 Metaspace       used 70249K, committed 71872K, reserved 1114112K
  class space    used 7184K, committed 7872K, reserved 1048576K
}
Event: 1687.779 GC heap after
{Heap after GC invocations=650 (full 4):
 PSYoungGen      total 19968K, used 491K [0x00000000d5580000, 0x00000000d6b00000, 0x0000000100000000)
  eden space 19456K, 0% used [0x00000000d5580000,0x00000000d5580000,0x00000000d6880000)
  from space 512K, 95% used [0x00000000d6a80000,0x00000000d6afad20,0x00000000d6b00000)
  to   space 1024K, 0% used [0x00000000d6900000,0x00000000d6900000,0x00000000d6a00000)
 ParOldGen       total 376320K, used 100653K [0x0000000080000000, 0x0000000096f80000, 0x00000000d5580000)
  object space 376320K, 26% used [0x0000000080000000,0x000000008624b7d0,0x0000000096f80000)
 Metaspace       used 70249K, committed 71872K, reserved 1114112K
  class space    used 7184K, committed 7872K, reserved 1048576K
}

