# JRE version: OpenJDK Runtime Environment Temurin-21.0.11+10 (21.0.11+10) (build 21.0.11+10-LTS)
# Java VM: OpenJDK 64-Bit Server VM Temurin-21.0.11+10 (21.0.11+10-LTS, mixed mode, sharing, tiered, compressed oops, compressed class ptrs, parallel gc, windows-amd64)
GC Precious Log:
 CardTable entry size: 512
 CPUs: 16 total, 16 available
 Memory: 8010M
 Large Page Support: Disabled
 NUMA Support: Disabled
 Compressed Oops: Enabled (32-bit)
 Alignments: Space 512K, Generation 512K, Heap 2M
 Heap Min Capacity: 100M
 Heap Initial Capacity: 100M
 Heap Max Capacity: 2G
 Pre-touch: Disabled
 Parallel Workers: 13
Heap:
 PSYoungGen      total 7168K, used 1185K [0x00000000d5580000, 0x00000000d5d80000, 0x0000000100000000)
  eden space 6144K, 9% used [0x00000000d5580000,0x00000000d560ed88,0x00000000d5b80000)
  from space 1024K, 61% used [0x00000000d5b80000,0x00000000d5c1dd60,0x00000000d5c80000)
  to   space 1024K, 0% used [0x00000000d5c80000,0x00000000d5c80000,0x00000000d5d80000)
 ParOldGen       total 309760K, used 309732K [0x0000000080000000, 0x0000000092e80000, 0x00000000d5580000)
  object space 309760K, 99% used [0x0000000080000000,0x0000000092e793a8,0x0000000092e80000)
 Metaspace       used 66573K, committed 68096K, reserved 1114112K
  class space    used 6786K, committed 7424K, reserved 1048576K
GC Heap History (20 events):
Event: 70.497 GC heap before
{Heap before GC invocations=847 (full 3):
 PSYoungGen      total 5632K, used 5632K [0x00000000d5580000, 0x00000000d5c80000, 0x0000000100000000)
  eden space 5120K, 100% used [0x00000000d5580000,0x00000000d5a80000,0x00000000d5a80000)
  from space 512K, 100% used [0x00000000d5b00000,0x00000000d5b80000,0x00000000d5b80000)
  to   space 1024K, 0% used [0x00000000d5b80000,0x00000000d5b80000,0x00000000d5c80000)
 ParOldGen       total 306176K, used 305898K [0x0000000080000000, 0x0000000092b00000, 0x00000000d5580000)
  object space 306176K, 99% used [0x0000000080000000,0x0000000092abab90,0x0000000092b00000)
 Metaspace       used 64881K, committed 66368K, reserved 1114112K
  class space    used 6595K, committed 7232K, reserved 1048576K
}
Event: 70.498 GC heap after
{Heap after GC invocations=847 (full 3):
 PSYoungGen      total 5632K, used 96K [0x00000000d5580000, 0x00000000d5c00000, 0x0000000100000000)
  eden space 5120K, 0% used [0x00000000d5580000,0x00000000d5580000,0x00000000d5a80000)
  from space 512K, 18% used [0x00000000d5b80000,0x00000000d5b98000,0x00000000d5c00000)
  to   space 512K, 0% used [0x00000000d5b00000,0x00000000d5b00000,0x00000000d5b80000)
 ParOldGen       total 306688K, used 306216K [0x0000000080000000, 0x0000000092b80000, 0x00000000d5580000)
  object space 306688K, 99% used [0x0000000080000000,0x0000000092b0a358,0x0000000092b80000)
 Metaspace       used 64881K, committed 66368K, reserved 1114112K
  class space    used 6595K, committed 7232K, reserved 1048576K
}
Event: 70.693 GC heap before
{Heap before GC invocations=848 (full 3):
 PSYoungGen      total 5632K, used 5216K [0x00000000d5580000, 0x00000000d5c00000, 0x0000000100000000)
  eden space 5120K, 100% used [0x00000000d5580000,0x00000000d5a80000,0x00000000d5a80000)
  from space 512K, 18% used [0x00000000d5b80000,0x00000000d5b98000,0x00000000d5c00000)
  to   space 512K, 0% used [0x00000000d5b00000,0x00000000d5b00000,0x00000000d5b80000)
 ParOldGen       total 306688K, used 306216K [0x0000000080000000, 0x0000000092b80000, 0x00000000d5580000)
  object space 306688K, 99% used [0x0000000080000000,0x0000000092b0a358,0x0000000092b80000)
 Metaspace       used 65131K, committed 66560K, reserved 1114112K
  class space    used 6636K, committed 7232K, reserved 1048576K
}
Event: 70.694 GC heap after
{Heap after GC invocations=848 (full 3):
 PSYoungGen      total 5632K, used 416K [0x00000000d5580000, 0x00000000d5c00000, 0x0000000100000000)
  eden space 5120K, 0% used [0x00000000d5580000,0x00000000d5580000,0x00000000d5a80000)
  from space 512K, 81% used [0x00000000d5b00000,0x00000000d5b68000,0x00000000d5b80000)
  to   space 512K, 0% used [0x00000000d5b80000,0x00000000d5b80000,0x00000000d5c00000)
 ParOldGen       total 306688K, used 306240K [0x0000000080000000, 0x0000000092b80000, 0x00000000d5580000)
  object space 306688K, 99% used [0x0000000080000000,0x0000000092b10358,0x0000000092b80000)
 Metaspace       used 65131K, committed 66560K, reserved 1114112K
  class space    used 6636K, committed 7232K, reserved 1048576K
}
Event: 70.756 GC heap before
{Heap before GC invocations=849 (full 3):
 PSYoungGen      total 5632K, used 5535K [0x00000000d5580000, 0x00000000d5c00000, 0x0000000100000000)
  eden space 5120K, 99% used [0x00000000d5580000,0x00000000d5a7fff8,0x00000000d5a80000)
  from space 512K, 81% used [0x00000000d5b00000,0x00000000d5b68000,0x00000000d5b80000)
  to   space 512K, 0% used [0x00000000d5b80000,0x00000000d5b80000,0x00000000d5c00000)
 ParOldGen       total 306688K, used 306240K [0x0000000080000000, 0x0000000092b80000, 0x00000000d5580000)
  object space 306688K, 99% used [0x0000000080000000,0x0000000092b10358,0x0000000092b80000)
 Metaspace       used 65580K, committed 67072K, reserved 1114112K
  class space    used 6686K, committed 7296K, reserved 1048576K
}
Event: 70.758 GC heap after
{Heap after GC invocations=849 (full 3):
 PSYoungGen      total 5632K, used 504K [0x00000000d5580000, 0x00000000d5c80000, 0x0000000100000000)
  eden space 5120K, 0% used [0x00000000d5580000,0x00000000d5580000,0x00000000d5a80000)
  from space 512K, 98% used [0x00000000d5b80000,0x00000000d5bfe1c8,0x00000000d5c00000)
  to   space 1024K, 0% used [0x00000000d5a80000,0x00000000d5a80000,0x00000000d5b80000)
 ParOldGen       total 306688K, used 306456K [0x0000000080000000, 0x0000000092b80000, 0x00000000d5580000)
  object space 306688K, 99% used [0x0000000080000000,0x0000000092b46358,0x0000000092b80000)
 Metaspace       used 65580K, committed 67072K, reserved 1114112K
  class space    used 6686K, committed 7296K, reserved 1048576K
}
Event: 70.803 GC heap before
{Heap before GC invocations=850 (full 3):
 PSYoungGen      total 5632K, used 5624K [0x00000000d5580000, 0x00000000d5c80000, 0x0000000100000000)
  eden space 5120K, 100% used [0x00000000d5580000,0x00000000d5a80000,0x00000000d5a80000)
  from space 512K, 98% used [0x00000000d5b80000,0x00000000d5bfe1c8,0x00000000d5c00000)
  to   space 1024K, 0% used [0x00000000d5a80000,0x00000000d5a80000,0x00000000d5b80000)
 ParOldGen       total 306688K, used 306456K [0x0000000080000000, 0x0000000092b80000, 0x00000000d5580000)
  object space 306688K, 99% used [0x0000000080000000,0x0000000092b46358,0x0000000092b80000)
 Metaspace       used 65858K, committed 67392K, reserved 1114112K
  class space    used 6715K, committed 7360K, reserved 1048576K
}
Event: 70.806 GC heap after
{Heap after GC invocations=850 (full 3):
 PSYoungGen      total 6144K, used 577K [0x00000000d5580000, 0x00000000d5c80000, 0x0000000100000000)
  eden space 5120K, 0% used [0x00000000d5580000,0x00000000d5580000,0x00000000d5a80000)
  from space 1024K, 56% used [0x00000000d5a80000,0x00000000d5b10568,0x00000000d5b80000)
  to   space 1024K, 0% used [0x00000000d5b80000,0x00000000d5b80000,0x00000000d5c80000)
 ParOldGen       total 307200K, used 306772K [0x0000000080000000, 0x0000000092c00000, 0x00000000d5580000)
  object space 307200K, 99% used [0x0000000080000000,0x0000000092b95140,0x0000000092c00000)
 Metaspace       used 65858K, committed 67392K, reserved 1114112K
  class space    used 6715K, committed 7360K, reserved 1048576K
}
Event: 70.831 GC heap before
{Heap before GC invocations=851 (full 3):
 PSYoungGen      total 6144K, used 5697K [0x00000000d5580000, 0x00000000d5c80000, 0x0000000100000000)
  eden space 5120K, 100% used [0x00000000d5580000,0x00000000d5a80000,0x00000000d5a80000)
  from space 1024K, 56% used [0x00000000d5a80000,0x00000000d5b10568,0x00000000d5b80000)
  to   space 1024K, 0% used [0x00000000d5b80000,0x00000000d5b80000,0x00000000d5c80000)
 ParOldGen       total 307200K, used 306772K [0x0000000080000000, 0x0000000092c00000, 0x00000000d5580000)
  object space 307200K, 99% used [0x0000000080000000,0x0000000092b95140,0x0000000092c00000)
 Metaspace       used 65922K, committed 67392K, reserved 1114112K
  class space    used 6722K, committed 7360K, reserved 1048576K
}
Event: 70.834 GC heap after
{Heap after GC invocations=851 (full 3):
 PSYoungGen      total 6144K, used 519K [0x00000000d5580000, 0x00000000d5c80000, 0x0000000100000000)
  eden space 5120K, 0% used [0x00000000d5580000,0x00000000d5580000,0x00000000d5a80000)
  from space 1024K, 50% used [0x00000000d5b80000,0x00000000d5c01d50,0x00000000d5c80000)
  to   space 1024K, 0% used [0x00000000d5a80000,0x00000000d5a80000,0x00000000d5b80000)
 ParOldGen       total 307200K, used 307157K [0x0000000080000000, 0x0000000092c00000, 0x00000000d5580000)
  object space 307200K, 99% used [0x0000000080000000,0x0000000092bf56e0,0x0000000092c00000)
 Metaspace       used 65922K, committed 67392K, reserved 1114112K
  class space    used 6722K, committed 7360K, reserved 1048576K
}
Event: 70.855 GC heap before
{Heap before GC invocations=852 (full 3):
 PSYoungGen      total 6144K, used 5638K [0x00000000d5580000, 0x00000000d5c80000, 0x0000000100000000)
  eden space 5120K, 99% used [0x00000000d5580000,0x00000000d5a7fc58,0x00000000d5a80000)
  from space 1024K, 50% used [0x00000000d5b80000,0x00000000d5c01d50,0x00000000d5c80000)
  to   space 1024K, 0% used [0x00000000d5a80000,0x00000000d5a80000,0x00000000d5b80000)
 ParOldGen       total 307200K, used 307157K [0x0000000080000000, 0x0000000092c00000, 0x00000000d5580000)
  object space 307200K, 99% used [0x0000000080000000,0x0000000092bf56e0,0x0000000092c00000)
 Metaspace       used 65965K, committed 67456K, reserved 1114112K
  class space    used 6725K, committed 7360K, reserved 1048576K
}
Event: 70.857 GC heap after
{Heap after GC invocations=852 (full 3):
 PSYoungGen      total 6144K, used 480K [0x00000000d5580000, 0x00000000d5c00000, 0x0000000100000000)
  eden space 5120K, 0% used [0x00000000d5580000,0x00000000d5580000,0x00000000d5a80000)
  from space 1024K, 46% used [0x00000000d5a80000,0x00000000d5af8000,0x00000000d5b80000)
  to   space 512K, 0% used [0x00000000d5b80000,0x00000000d5b80000,0x00000000d5c00000)
 ParOldGen       total 307712K, used 307483K [0x0000000080000000, 0x0000000092c80000, 0x00000000d5580000)
  object space 307712K, 99% used [0x0000000080000000,0x0000000092c46c18,0x0000000092c80000)
 Metaspace       used 65965K, committed 67456K, reserved 1114112K
  class space    used 6725K, committed 7360K, reserved 1048576K
}
Event: 70.881 GC heap before
{Heap before GC invocations=853 (full 3):
 PSYoungGen      total 6144K, used 5257K [0x00000000d5580000, 0x00000000d5c00000, 0x0000000100000000)
  eden space 5120K, 93% used [0x00000000d5580000,0x00000000d5a2a478,0x00000000d5a80000)
  from space 1024K, 46% used [0x00000000d5a80000,0x00000000d5af8000,0x00000000d5b80000)
  to   space 512K, 0% used [0x00000000d5b80000,0x00000000d5b80000,0x00000000d5c00000)
 ParOldGen       total 307712K, used 307483K [0x0000000080000000, 0x0000000092c80000, 0x00000000d5580000)
  object space 307712K, 99% used [0x0000000080000000,0x0000000092c46c18,0x0000000092c80000)
 Metaspace       used 66003K, committed 67520K, reserved 1114112K
  class space    used 6731K, committed 7360K, reserved 1048576K
}
Event: 70.883 GC heap after
{Heap after GC invocations=853 (full 3):
 PSYoungGen      total 5632K, used 489K [0x00000000d5580000, 0x00000000d5c80000, 0x0000000100000000)
  eden space 5120K, 0% used [0x00000000d5580000,0x00000000d5580000,0x00000000d5a80000)
  from space 512K, 95% used [0x00000000d5b80000,0x00000000d5bfa468,0x00000000d5c00000)
  to   space 1024K, 0% used [0x00000000d5a80000,0x00000000d5a80000,0x00000000d5b80000)
 ParOldGen       total 308224K, used 307811K [0x0000000080000000, 0x0000000092d00000, 0x00000000d5580000)
  object space 308224K, 99% used [0x0000000080000000,0x0000000092c98c28,0x0000000092d00000)
 Metaspace       used 66003K, committed 67520K, reserved 1114112K
  class space    used 6731K, committed 7360K, reserved 1048576K
}
Event: 70.912 GC heap before
{Heap before GC invocations=854 (full 3):
 PSYoungGen      total 5632K, used 5609K [0x00000000d5580000, 0x00000000d5c80000, 0x0000000100000000)
  eden space 5120K, 100% used [0x00000000d5580000,0x00000000d5a80000,0x00000000d5a80000)
  from space 512K, 95% used [0x00000000d5b80000,0x00000000d5bfa468,0x00000000d5c00000)
  to   space 1024K, 0% used [0x00000000d5a80000,0x00000000d5a80000,0x00000000d5b80000)
 ParOldGen       total 308224K, used 307811K [0x0000000080000000, 0x0000000092d00000, 0x00000000d5580000)
  object space 308224K, 99% used [0x0000000080000000,0x0000000092c98c28,0x0000000092d00000)
 Metaspace       used 66160K, committed 67648K, reserved 1114112K
  class space    used 6745K, committed 7360K, reserved 1048576K
}
Event: 70.915 GC heap after
{Heap after GC invocations=854 (full 3):
 PSYoungGen      total 6144K, used 1021K [0x00000000d5580000, 0x00000000d5e80000, 0x0000000100000000)
  eden space 5120K, 0% used [0x00000000d5580000,0x00000000d5580000,0x00000000d5a80000)
  from space 1024K, 99% used [0x00000000d5a80000,0x00000000d5b7f6a0,0x00000000d5b80000)
  to   space 2048K, 0% used [0x00000000d5c80000,0x00000000d5c80000,0x00000000d5e80000)
 ParOldGen       total 308736K, used 308243K [0x0000000080000000, 0x0000000092d80000, 0x00000000d5580000)
  object space 308736K, 99% used [0x0000000080000000,0x0000000092d04c98,0x0000000092d80000)
 Metaspace       used 66160K, committed 67648K, reserved 1114112K
  class space    used 6745K, committed 7360K, reserved 1048576K
}
Event: 70.938 GC heap before
{Heap before GC invocations=855 (full 3):
 PSYoungGen      total 6144K, used 6141K [0x00000000d5580000, 0x00000000d5e80000, 0x0000000100000000)
  eden space 5120K, 100% used [0x00000000d5580000,0x00000000d5a80000,0x00000000d5a80000)
  from space 1024K, 99% used [0x00000000d5a80000,0x00000000d5b7f6a0,0x00000000d5b80000)
  to   space 2048K, 0% used [0x00000000d5c80000,0x00000000d5c80000,0x00000000d5e80000)
 ParOldGen       total 308736K, used 308243K [0x0000000080000000, 0x0000000092d80000, 0x00000000d5580000)
  object space 308736K, 99% used [0x0000000080000000,0x0000000092d04c98,0x0000000092d80000)
 Metaspace       used 66232K, committed 67712K, reserved 1114112K
  class space    used 6752K, committed 7360K, reserved 1048576K
}
Event: 70.940 GC heap after
{Heap after GC invocations=855 (full 3):
 PSYoungGen      total 5632K, used 388K [0x00000000d5580000, 0x00000000d5d00000, 0x0000000100000000)
  eden space 5120K, 0% used [0x00000000d5580000,0x00000000d5580000,0x00000000d5a80000)
  from space 512K, 75% used [0x00000000d5c80000,0x00000000d5ce12c8,0x00000000d5d00000)
  to   space 1024K, 0% used [0x00000000d5b00000,0x00000000d5b00000,0x00000000d5c00000)
 ParOldGen       total 309248K, used 309062K [0x0000000080000000, 0x0000000092e00000, 0x00000000d5580000)
  object space 309248K, 99% used [0x0000000080000000,0x0000000092dd1958,0x0000000092e00000)
 Metaspace       used 66232K, committed 67712K, reserved 1114112K
  class space    used 6752K, committed 7360K, reserved 1048576K
}
Event: 70.975 GC heap before
{Heap before GC invocations=856 (full 3):
 PSYoungGen      total 5632K, used 5508K [0x00000000d5580000, 0x00000000d5d00000, 0x0000000100000000)
  eden space 5120K, 100% used [0x00000000d5580000,0x00000000d5a80000,0x00000000d5a80000)
  from space 512K, 75% used [0x00000000d5c80000,0x00000000d5ce12c8,0x00000000d5d00000)
  to   space 1024K, 0% used [0x00000000d5b00000,0x00000000d5b00000,0x00000000d5c00000)
 ParOldGen       total 309248K, used 309062K [0x0000000080000000, 0x0000000092e00000, 0x00000000d5580000)
  object space 309248K, 99% used [0x0000000080000000,0x0000000092dd1958,0x0000000092e00000)
 Metaspace       used 66287K, committed 67776K, reserved 1114112K
  class space    used 6758K, committed 7360K, reserved 1048576K
}
Event: 71.978 GC heap after
{Heap after GC invocations=856 (full 3):
 PSYoungGen      total 6656K, used 512K [0x00000000d5580000, 0x00000000d5d80000, 0x0000000100000000)
  eden space 5632K, 0% used [0x00000000d5580000,0x00000000d5580000,0x00000000d5b00000)
  from space 1024K, 50% used [0x00000000d5b00000,0x00000000d5b80000,0x00000000d5c00000)
  to   space 1024K, 0% used [0x00000000d5c80000,0x00000000d5c80000,0x00000000d5d80000)
 ParOldGen       total 309248K, used 309190K [0x0000000080000000, 0x0000000092e00000, 0x00000000d5580000)
  object space 309248K, 99% used [0x0000000080000000,0x0000000092df1958,0x0000000092e00000)
 Metaspace       used 66287K, committed 67776K, reserved 1114112K
  class space    used 6758K, committed 7360K, reserved 1048576K
}

